==24303== Memcheck, a memory error detector
==24303== Copyright (C) 2002-2015, and GNU GPL'd, by Julian Seward et al.
==24303== Using Valgrind-3.11.0 and LibVEX; rerun with -h for copyright info
==24303== Command: bin/xacto -p 9999
==24303== Parent PID: 24291
==24303== 
==24303== 
==24303== FILE DESCRIPTORS: 8 open at exit.
==24303== Open AF_INET socket 6: 127.0.0.1:9999 <-> 127.0.0.1:48486
==24303==    at 0x4E4A750: __accept_nocancel (syscall-template.S:84)
==24303==    by 0x403165: Accept (csapp.c:591)
==24303==    by 0x40217B: main (main.c:60)
==24303== 
==24303== Open file descriptor 12: /dev/shm/bxf_arena_24289 (deleted)
==24303==    <inherited from parent>
==24303== 
==24303== Open file descriptor 11: /dev/shm/bxf_arena_24289 (deleted)
==24303==    <inherited from parent>
==24303== 
==24303== Open file descriptor 4:
==24303==    <inherited from parent>
==24303== 
==24303== Open file descriptor 3: /home/student/zhenlu/hw5/valgrind.out
==24303==    <inherited from parent>
==24303== 
==24303== Open file descriptor 2: /dev/pts/0
==24303==    <inherited from parent>
==24303== 
==24303== Open file descriptor 1: /dev/pts/0
==24303==    <inherited from parent>
==24303== 
==24303== Open file descriptor 0:
==24303==    <inherited from parent>
==24303== 
==24303== 
==24303== HEAP SUMMARY:
==24303==     in use at exit: 124 bytes in 2 blocks
==24303==   total heap usage: 14 allocs, 12 frees, 11,260 bytes allocated
==24303== 
==24303== LEAK SUMMARY:
==24303==    definitely lost: 0 bytes in 0 blocks
==24303==    indirectly lost: 0 bytes in 0 blocks
==24303==      possibly lost: 0 bytes in 0 blocks
==24303==    still reachable: 124 bytes in 2 blocks
==24303==         suppressed: 0 bytes in 0 blocks
==24303== Reachable blocks (those to which a pointer was found) are not shown.
==24303== To see them, rerun with: --leak-check=full --show-leak-kinds=all
==24303== 
==24303== For counts of detected and suppressed errors, rerun with: -v
==24303== ERROR SUMMARY: 0 errors from 0 contexts (suppressed: 0 from 0)
